<?xml version="1.0" encoding="UTF-8"?>
<!-- Generated by org.testng.reporters.JUnitXMLReporter -->
<testsuite ignored="1" hostname="DESKTOP-5A7KV0R" failures="0" tests="10" name="APITests" time="25.17" errors="0" timestamp="2024-06-19T01:54:21 AEST">
  <testcase classname="api.tests.UserTest" name="createUserTest" time="4.627"/>
  <testcase classname="api.tests.UserTest" name="updateUserTest" time="3.901"/>
  <testcase classname="api.tests.UserTest" name="deleteUserTest" time="2.481"/>
  <testcase classname="api.tests.DDTests" name="createUserTest" time="1.311"/>
  <testcase classname="api.tests.DDTests" name="createUserTest" time="1.173"/>
  <testcase classname="api.tests.DDTests" name="createUserTest" time="1.334"/>
  <testcase classname="api.tests.DDTests" name="deleteUserTest" time="2.45"/>
  <testcase classname="api.tests.DDTests" name="deleteUserTest" time="2.83"/>
  <testcase classname="api.tests.DDTests" name="deleteUserTest" time="2.87"/>
  <testcase classname="api.tests.DDTests" name="skippedTest" time="0.006"/>
  <testcase classname="api.tests.UserTest" name="getUserTest" time="0.0">
    <ignored/>
  </testcase> <!-- getUserTest -->
</testsuite> <!-- APITests -->
