<?xml version="1.0" encoding="UTF-8"?>
<!-- Generated by org.testng.reporters.JUnitXMLReporter -->
<testsuite ignored="0" hostname="DESKTOP-5A7KV0R" failures="0" tests="7" name="Default test" time="14.347" errors="0" timestamp="2024-06-18T17:09:50 AEST">
  <testcase classname="api.tests.DDTests" name="createUserTest" time="3.111"/>
  <testcase classname="api.tests.DDTests" name="createUserTest" time="1.166"/>
  <testcase classname="api.tests.DDTests" name="createUserTest" time="1.157"/>
  <testcase classname="api.tests.DDTests" name="deleteUserTest" time="2.318"/>
  <testcase classname="api.tests.DDTests" name="deleteUserTest" time="2.299"/>
  <testcase classname="api.tests.DDTests" name="deleteUserTest" time="2.296"/>
  <testcase classname="api.tests.DDTests" name="skippedTest" time="0.002"/>
</testsuite> <!-- Default test -->
